0 info it worked if it ends with ok
1 verbose cli [ 'C:\\Program Files\\nodejs\\node.exe',
1 verbose cli   'C:\\Program Files\\nodejs\\node_modules\\npm\\bin\\npm-cli.js',
1 verbose cli   'install',
1 verbose cli   '-g',
1 verbose cli   'less-plugin-clean-css' ]
2 info using npm@2.15.8
3 info using node@v4.4.7
4 verbose install initial load of C:\Users\specter\AppData\Roaming\npm\package.json
5 verbose readDependencies loading dependencies from C:\Users\specter\AppData\Roaming\npm\package.json
6 silly cache add args [ 'less-plugin-clean-css', null ]
7 verbose cache add spec less-plugin-clean-css
8 silly cache add parsed spec Result {
8 silly cache add   raw: 'less-plugin-clean-css',
8 silly cache add   scope: null,
8 silly cache add   name: 'less-plugin-clean-css',
8 silly cache add   rawSpec: '',
8 silly cache add   spec: 'latest',
8 silly cache add   type: 'tag' }
9 silly addNamed less-plugin-clean-css@latest
10 verbose addNamed "latest" is being treated as a dist-tag for less-plugin-clean-css
11 info addNameTag [ 'less-plugin-clean-css', 'latest' ]
12 silly mapToRegistry name less-plugin-clean-css
13 silly mapToRegistry using default registry
14 silly mapToRegistry registry https://registry.npmjs.org/
15 silly mapToRegistry data Result {
15 silly mapToRegistry   raw: 'less-plugin-clean-css',
15 silly mapToRegistry   scope: null,
15 silly mapToRegistry   name: 'less-plugin-clean-css',
15 silly mapToRegistry   rawSpec: '',
15 silly mapToRegistry   spec: 'latest',
15 silly mapToRegistry   type: 'tag' }
16 silly mapToRegistry uri https://registry.npmjs.org/less-plugin-clean-css
17 verbose addNameTag registry:https://registry.npmjs.org/less-plugin-clean-css not in flight; fetching
18 verbose request uri https://registry.npmjs.org/less-plugin-clean-css
19 verbose request no auth needed
20 info attempt registry request try #1 at 19:04:30
21 verbose request id 60fb9116bbe1c63c
22 http request GET https://registry.npmjs.org/less-plugin-clean-css
23 info retry will retry, error on last attempt: Error: getaddrinfo ENOTFOUND registry.npmjs.org registry.npmjs.org:443
24 info attempt registry request try #2 at 19:04:51
25 http request GET https://registry.npmjs.org/less-plugin-clean-css
26 info retry will retry, error on last attempt: Error: getaddrinfo ENOTFOUND registry.npmjs.org registry.npmjs.org:443
27 info attempt registry request try #3 at 19:06:02
28 http request GET https://registry.npmjs.org/less-plugin-clean-css
29 verbose stack Error: getaddrinfo ENOTFOUND registry.npmjs.org registry.npmjs.org:443
29 verbose stack     at errnoException (dns.js:27:10)
29 verbose stack     at GetAddrInfoReqWrap.onlookup [as oncomplete] (dns.js:78:26)
30 verbose cwd C:\Users\specter\Desktop\cskdios\cskdios
31 error Windows_NT 10.0.14393
32 error argv "C:\\Program Files\\nodejs\\node.exe" "C:\\Program Files\\nodejs\\node_modules\\npm\\bin\\npm-cli.js" "install" "-g" "less-plugin-clean-css"
33 error node v4.4.7
34 error npm  v2.15.8
35 error code ENOTFOUND
36 error errno ENOTFOUND
37 error syscall getaddrinfo
38 error network getaddrinfo ENOTFOUND registry.npmjs.org registry.npmjs.org:443
38 error network This is most likely not a problem with npm itself
38 error network and is related to network connectivity.
38 error network In most cases you are behind a proxy or have bad network settings.
38 error network
38 error network If you are behind a proxy, please make sure that the
38 error network 'proxy' config is set properly.  See: 'npm help config'
39 verbose exit [ 1, true ]
